<?xml version="1.0" encoding="UTF-8"?>
<testng-results ignored="0" total="3" passed="2" failed="1" skipped="0">
  <reporter-output>
  </reporter-output>
  <suite started-at="2023-10-31T17:17:02 IST" name="Default suite" finished-at="2023-10-31T17:18:42 IST" duration-ms="99761">
    <groups>
      <group name="cucumber">
        <method signature="AbstractTestNGCucumberTests.runScenario(io.cucumber.testng.PickleWrapper,io.cucumber.testng.FeatureWrapper)[pri:0, instance:StepDefinitions.Hook.TestNgRunner@4f32a3ad]" name="runScenario" class="io.cucumber.testng.AbstractTestNGCucumberTests"/>
      </group> <!-- cucumber -->
    </groups>
    <test started-at="2023-10-31T17:17:02 IST" name="Default test" finished-at="2023-10-31T17:18:42 IST" duration-ms="99761">
      <class name="StepDefinitions.Hook.TestNgRunner">
        <test-method is-config="true" signature="setUpClass(org.testng.ITestContext)[pri:0, instance:StepDefinitions.Hook.TestNgRunner@4f32a3ad]" started-at="2023-10-31T17:17:02 IST" name="setUpClass" finished-at="2023-10-31T17:17:02 IST" duration-ms="644" status="PASS">
          <params>
            <param index="0">
              <value>
                <![CDATA[org.testng.TestRunner@479111ba]]>
              </value>
            </param>
          </params>
          <reporter-output>
          </reporter-output>
        </test-method> <!-- setUpClass -->
        <test-method signature="runScenario(io.cucumber.testng.PickleWrapper,io.cucumber.testng.FeatureWrapper)[pri:0, instance:StepDefinitions.Hook.TestNgRunner@4f32a3ad]" started-at="2023-10-31T17:17:02 IST" name="runScenario" description="Runs Cucumber Scenarios" data-provider="scenarios" finished-at="2023-10-31T17:18:40 IST" duration-ms="97431" status="PASS">
          <params>
            <param index="0">
              <value>
                <![CDATA["Add an item to the wishlist"]]>
              </value>
            </param>
            <param index="1">
              <value>
                <![CDATA["Wishlist Functionality"]]>
              </value>
            </param>
          </params>
          <reporter-output>
          </reporter-output>
        </test-method> <!-- runScenario -->
        <test-method signature="runScenario(io.cucumber.testng.PickleWrapper,io.cucumber.testng.FeatureWrapper)[pri:0, instance:StepDefinitions.Hook.TestNgRunner@4f32a3ad]" started-at="2023-10-31T17:17:02 IST" name="runScenario" description="Runs Cucumber Scenarios" data-provider="scenarios" finished-at="2023-10-31T17:17:03 IST" duration-ms="372" status="FAIL">
          <params>
            <param index="0">
              <value>
                <![CDATA["User performs add to cart operation with validations"]]>
              </value>
            </param>
            <param index="1">
              <value>
                <![CDATA["Perform add to cart operation"]]>
              </value>
            </param>
          </params>
          <exception class="java.lang.NullPointerException">
            <message>
              <![CDATA[Cannot invoke "String.equalsIgnoreCase(String)" because "browser" is null]]>
            </message>
            <full-stacktrace>
              <![CDATA[java.lang.NullPointerException: Cannot invoke "String.equalsIgnoreCase(String)" because "browser" is null
at StepDefinitions.Hook.WebDriverSingleton.getDriver(WebDriverSingleton.java:17)
at StepDefinitions.Hook.Hook.setUp(Hook.java:22)
]]>
            </full-stacktrace>
          </exception> <!-- java.lang.NullPointerException -->
          <reporter-output>
          </reporter-output>
        </test-method> <!-- runScenario -->
        <test-method signature="runScenario(io.cucumber.testng.PickleWrapper,io.cucumber.testng.FeatureWrapper)[pri:0, instance:StepDefinitions.Hook.TestNgRunner@4f32a3ad]" started-at="2023-10-31T17:17:02 IST" name="runScenario" description="Runs Cucumber Scenarios" data-provider="scenarios" finished-at="2023-10-31T17:17:53 IST" duration-ms="50662" status="PASS">
          <params>
            <param index="0">
              <value>
                <![CDATA["User login to lenskart app"]]>
              </value>
            </param>
            <param index="1">
              <value>
                <![CDATA["Login to lenskart app"]]>
              </value>
            </param>
          </params>
          <reporter-output>
          </reporter-output>
        </test-method> <!-- runScenario -->
        <test-method is-config="true" signature="tearDownClass()[pri:0, instance:StepDefinitions.Hook.TestNgRunner@4f32a3ad]" started-at="2023-10-31T17:18:40 IST" name="tearDownClass" finished-at="2023-10-31T17:18:42 IST" duration-ms="1624" status="PASS">
          <reporter-output>
          </reporter-output>
        </test-method> <!-- tearDownClass -->
      </class> <!-- StepDefinitions.Hook.TestNgRunner -->
    </test> <!-- Default test -->
  </suite> <!-- Default suite -->
</testng-results>
