<?xml version="1.0" encoding="UTF-8"?>
<testng-results ignored="0" total="3" passed="3" failed="0" skipped="0">
  <reporter-output>
  </reporter-output>
  <suite started-at="2023-11-01T12:15:00 IST" name="Default suite" finished-at="2023-11-01T12:17:40 IST" duration-ms="160799">
    <groups>
      <group name="cucumber">
        <method signature="AbstractTestNGCucumberTests.runScenario(io.cucumber.testng.PickleWrapper,io.cucumber.testng.FeatureWrapper)[pri:0, instance:StepDefinitions.Hook.TestNgRunner@4f32a3ad]" name="runScenario" class="io.cucumber.testng.AbstractTestNGCucumberTests"/>
      </group> <!-- cucumber -->
    </groups>
    <test started-at="2023-11-01T12:15:00 IST" name="Default test" finished-at="2023-11-01T12:17:40 IST" duration-ms="160799">
      <class name="StepDefinitions.Hook.TestNgRunner">
        <test-method is-config="true" signature="setUpClass(org.testng.ITestContext)[pri:0, instance:StepDefinitions.Hook.TestNgRunner@4f32a3ad]" started-at="2023-11-01T12:15:00 IST" name="setUpClass" finished-at="2023-11-01T12:15:00 IST" duration-ms="717" status="PASS">
          <params>
            <param index="0">
              <value>
                <![CDATA[org.testng.TestRunner@48a663e9]]>
              </value>
            </param>
          </params>
          <reporter-output>
          </reporter-output>
        </test-method> <!-- setUpClass -->
        <test-method signature="runScenario(io.cucumber.testng.PickleWrapper,io.cucumber.testng.FeatureWrapper)[pri:0, instance:StepDefinitions.Hook.TestNgRunner@4f32a3ad]" started-at="2023-11-01T12:15:00 IST" name="runScenario" description="Runs Cucumber Scenarios" data-provider="scenarios" finished-at="2023-11-01T12:17:14 IST" duration-ms="133655" status="PASS">
          <params>
            <param index="0">
              <value>
                <![CDATA["User login to lenskart app"]]>
              </value>
            </param>
            <param index="1">
              <value>
                <![CDATA["Login to lenskart app"]]>
              </value>
            </param>
          </params>
          <reporter-output>
          </reporter-output>
        </test-method> <!-- runScenario -->
        <test-method signature="runScenario(io.cucumber.testng.PickleWrapper,io.cucumber.testng.FeatureWrapper)[pri:0, instance:StepDefinitions.Hook.TestNgRunner@4f32a3ad]" started-at="2023-11-01T12:15:00 IST" name="runScenario" description="Runs Cucumber Scenarios" data-provider="scenarios" finished-at="2023-11-01T12:17:25 IST" duration-ms="144978" status="PASS">
          <params>
            <param index="0">
              <value>
                <![CDATA["Add an item to the wishlist"]]>
              </value>
            </param>
            <param index="1">
              <value>
                <![CDATA["Wishlist Functionality"]]>
              </value>
            </param>
          </params>
          <reporter-output>
          </reporter-output>
        </test-method> <!-- runScenario -->
        <test-method signature="runScenario(io.cucumber.testng.PickleWrapper,io.cucumber.testng.FeatureWrapper)[pri:0, instance:StepDefinitions.Hook.TestNgRunner@4f32a3ad]" started-at="2023-11-01T12:15:00 IST" name="runScenario" description="Runs Cucumber Scenarios" data-provider="scenarios" finished-at="2023-11-01T12:17:34 IST" duration-ms="153593" status="PASS">
          <params>
            <param index="0">
              <value>
                <![CDATA["User performs add to cart operation with validations"]]>
              </value>
            </param>
            <param index="1">
              <value>
                <![CDATA["Perform add to cart operation"]]>
              </value>
            </param>
          </params>
          <reporter-output>
          </reporter-output>
        </test-method> <!-- runScenario -->
        <test-method is-config="true" signature="tearDownClass()[pri:0, instance:StepDefinitions.Hook.TestNgRunner@4f32a3ad]" started-at="2023-11-01T12:17:34 IST" name="tearDownClass" finished-at="2023-11-01T12:17:40 IST" duration-ms="6424" status="PASS">
          <reporter-output>
          </reporter-output>
        </test-method> <!-- tearDownClass -->
      </class> <!-- StepDefinitions.Hook.TestNgRunner -->
    </test> <!-- Default test -->
  </suite> <!-- Default suite -->
</testng-results>
